<?xml version="1.0" encoding="UTF-8"?>
<testsuite xmlns:xsi="http://www.w3.org/2001/XMLSchema-instance" xsi:noNamespaceSchemaLocation="https://maven.apache.org/surefire/maven-surefire-plugin/xsd/surefire-test-report-3.0.xsd" version="3.0" name="com.kp.eventledger.gateway.controller.EventControllerTest" time="16.994" tests="6" errors="0" skipped="0" failures="0">
  <properties>
[...]
</properties>
  <testcase name="shouldReturn503WhenServiceDown" classname="com.kp.eventledger.gateway.controller.EventControllerTest" time="0.687">
    <system-out><![CDATA[02:38:20.432 [main] INFO org.springframework.test.context.support.AnnotationConfigContextLoaderUtils -- Could not detect default configuration classes for test class [com.kp.eventledger.gateway.controller.EventControllerTest]: EventControllerTest does not declare any static, non-private, non-final, nested classes annotated with @Configuration.
02:38:20.962 [main] INFO org.springframework.boot.test.context.SpringBootTestContextBootstrapper -- Found @SpringBootConfiguration com.kp.eventledger.gateway.EventGatewayApplication for test class com.kp.eventledger.gateway.controller.EventControllerTest

  .   ____          _            __ _ _
 /\\ / ___'_ __ _ _(_)_ __  __ _ \ \ \ \
( ( )\___ | '_ | '_| | '_ \/ _` | \ \ \ \
 \\/  ___)| |_)| | | | | || (_| |  ) ) ) )
  '  |____| .__|_| |_|_| |_\__, | / / / /
 =========|_|==============|___/=/_/_/_/
 :: Spring Boot ::                (v3.2.5)

{"@timestamp":"2026-06-04T02:38:24.9126207+05:30","@version":"1","message":"Starting EventControllerTest using Java 21.0.10 with PID 17752 (started by rupal in D:\\Learning\\event-ledger\\event-gateway)","logger_name":"com.kp.eventledger.gateway.controller.EventControllerTest","thread_name":"main","level":"INFO","level_value":20000,"service":"event-gateway"}
{"@timestamp":"2026-06-04T02:38:24.9455337+05:30","@version":"1","message":"No active profile set, falling back to 1 default profile: \"default\"","logger_name":"com.kp.eventledger.gateway.controller.EventControllerTest","thread_name":"main","level":"INFO","level_value":20000,"service":"event-gateway"}
{"@timestamp":"2026-06-04T02:38:35.1203159+05:30","@version":"1","message":"Initializing Spring TestDispatcherServlet ''","logger_name":"org.springframework.boot.test.mock.web.SpringBootMockServletContext","thread_name":"main","level":"INFO","level_value":20000,"service":"event-gateway"}
{"@timestamp":"2026-06-04T02:38:35.1223115+05:30","@version":"1","message":"Initializing Servlet ''","logger_name":"org.springframework.test.web.servlet.TestDispatcherServlet","thread_name":"main","level":"INFO","level_value":20000,"service":"event-gateway"}
{"@timestamp":"2026-06-04T02:38:35.1282949+05:30","@version":"1","message":"Completed initialization in 3 ms","logger_name":"org.springframework.test.web.servlet.TestDispatcherServlet","thread_name":"main","level":"INFO","level_value":20000,"service":"event-gateway"}
{"@timestamp":"2026-06-04T02:38:35.2011+05:30","@version":"1","message":"Started EventControllerTest in 14.015 seconds (process running for 18.057)","logger_name":"com.kp.eventledger.gateway.controller.EventControllerTest","thread_name":"main","level":"INFO","level_value":20000,"service":"event-gateway"}
{"@timestamp":"2026-06-04T02:38:35.7735699+05:30","@version":"1","message":"Received event request: eventId=evt-2","logger_name":"com.kp.eventledger.gateway.controller.EventController","thread_name":"main","level":"INFO","level_value":20000,"traceId":"7ab32fe1-1a0f-4300-aa88-dbcdd377cbb2","service":"event-gateway"}
]]></system-out>
    <system-err><![CDATA[WARNING: A Java agent has been loaded dynamically (C:\Users\rupal\.m2\repository\net\bytebuddy\byte-buddy-agent\1.14.13\byte-buddy-agent-1.14.13.jar)
WARNING: If a serviceability tool is in use, please run with -XX:+EnableDynamicAgentLoading to hide this warning
WARNING: If a serviceability tool is not in use, please run with -Djdk.instrument.traceUsage for more information
WARNING: Dynamic loading of agents will be disallowed by default in a future release
]]></system-err>
  </testcase>
  <testcase name="shouldReturnEventById" classname="com.kp.eventledger.gateway.controller.EventControllerTest" time="0.21"/>
  <testcase name="shouldReturn404WhenEventNotFound" classname="com.kp.eventledger.gateway.controller.EventControllerTest" time="0.024"/>
  <testcase name="shouldCreateEventSuccessfully" classname="com.kp.eventledger.gateway.controller.EventControllerTest" time="0.04">
    <system-out><![CDATA[{"@timestamp":"2026-06-04T02:38:36.2104014+05:30","@version":"1","message":"Received event request: eventId=evt-1","logger_name":"com.kp.eventledger.gateway.controller.EventController","thread_name":"main","level":"INFO","level_value":20000,"traceId":"164d1320-92f1-4b9a-bf1b-9b33ca2b0743","service":"event-gateway"}
]]></system-out>
  </testcase>
  <testcase name="shouldFailForInvalidAmount" classname="com.kp.eventledger.gateway.controller.EventControllerTest" time="0.075">
    <system-out><![CDATA[{"@timestamp":"2026-06-04T02:38:36.2852014+05:30","@version":"1","message":"Received event request: eventId=evt-invalid","logger_name":"com.kp.eventledger.gateway.controller.EventController","thread_name":"main","level":"INFO","level_value":20000,"traceId":"c1534d18-3acb-4c37-9611-58c51b8bea8b","service":"event-gateway"}
]]></system-out>
  </testcase>
  <testcase name="shouldFailForInvalidEventType" classname="com.kp.eventledger.gateway.controller.EventControllerTest" time="0.014">
    <system-out><![CDATA[{"@timestamp":"2026-06-04T02:38:36.6671815+05:30","@version":"1","message":"Received event request: eventId=evt-invalid-type","logger_name":"com.kp.eventledger.gateway.controller.EventController","thread_name":"main","level":"INFO","level_value":20000,"traceId":"28aaccf9-2e28-4147-aa19-0478dd1a09cd","service":"event-gateway"}
]]></system-out>
  </testcase>
</testsuite>